<?xml version="1.0" encoding="UTF-8"?>
<!-- Generated by org.testng.reporters.JUnitReportReporter -->
<testsuite skipped="0" hostname="LAPTOP-D2GVCL39" name="KTCTC.FIRSTMAVENProject.AnnotationsInTestNG" tests="3" failures="0" timestamp="2021-12-17T22:00:42 IST" time="0.012" errors="0">
  <testcase name="VerifyUserCanNotLoginWithValidUserNameAndInValidPassword" time="0.003" classname="KTCTC.FIRSTMAVENProject.AnnotationsInTestNG"/>
  <system-out/>
  <testcase name="VerifyUserCanLoginWithValidUserNameAndValidPassword" time="0.003" classname="KTCTC.FIRSTMAVENProject.AnnotationsInTestNG"/>
  <system-out/>
  <testcase name="VerifyUserCanNotLoginWithInValidUserNameAndValidPassword" time="0.006" classname="KTCTC.FIRSTMAVENProject.AnnotationsInTestNG"/>
  <system-out/>
</testsuite> <!-- KTCTC.FIRSTMAVENProject.AnnotationsInTestNG -->
