<?xml version="1.0" encoding="UTF-8"?>
<!-- Generated by org.testng.reporters.JUnitReportReporter -->
<testsuite skipped="0" hostname="LAPTOP-D2GVCL39" name="KTCTC.FIRSTMAVENProject.FIleUploadTestCase" tests="1" failures="0" timestamp="2021-12-17T22:00:42 IST" time="9.614" errors="0">
  <testcase name="verfyUserCanUploadFileSuccessfully" time="9.614" classname="KTCTC.FIRSTMAVENProject.FIleUploadTestCase"/>
  <system-out/>
</testsuite> <!-- KTCTC.FIRSTMAVENProject.FIleUploadTestCase -->
