<?xml version="1.0" encoding="UTF-8"?>
<!-- Generated by org.testng.reporters.JUnitReportReporter -->
<testsuite skipped="0" hostname="LAPTOP-D2GVCL39" name="KTCTC.FIRSTMAVENProject.Annotation2" tests="2" failures="0" timestamp="2021-12-17T22:00:42 IST" time="0.005" errors="0">
  <testcase name="methodBFromAnnotation2" time="0.004" classname="KTCTC.FIRSTMAVENProject.Annotation2"/>
  <system-out/>
  <testcase name="methodAFromAnnotation2" time="0.001" classname="KTCTC.FIRSTMAVENProject.Annotation2"/>
  <system-out/>
</testsuite> <!-- KTCTC.FIRSTMAVENProject.Annotation2 -->
