<?xml version="1.0" encoding="UTF-8"?>
<!-- Generated by org.testng.reporters.JUnitReportReporter -->
<testsuite skipped="1" hostname="LAPTOP-D2GVCL39" name="KTCTC.FIRSTMAVENProject.EnableClass" tests="2" failures="0" timestamp="2021-12-17T22:00:42 IST" time="0.002" errors="0">
  <testcase name="methodBFromEnableClass" time="0.002" classname="KTCTC.FIRSTMAVENProject.EnableClass"/>
  <system-out/>
  <testcase name="methodAFromEnableClass" classname="KTCTC.FIRSTMAVENProject.EnableClass">
    <skipped/>
  </testcase> <!-- methodAFromEnableClass -->
  <system-out/>
</testsuite> <!-- KTCTC.FIRSTMAVENProject.EnableClass -->
